# JRE version: Java(TM) SE Runtime Environment (8.0_20-b26) (build 1.8.0_20-b26)
# Java VM: Java HotSpot(TM) 64-Bit Server VM (25.20-b23 mixed mode bsd-amd64 compressed oops)
Heap:
 par new generation   total 306688K, used 20609K [0x00000005c0000000, 0x00000005d4cc0000, 0x00000005d4cc0000)
  eden space 272640K,   0% used [0x00000005c0000000, 0x00000005c0000000, 0x00000005d0a40000)
  from space 34048K,  60% used [0x00000005d0a40000, 0x00000005d1e607a0, 0x00000005d2b80000)
  to   space 34048K,   0% used [0x00000005d2b80000, 0x00000005d2b80000, 0x00000005d4cc0000)
 concurrent mark-sweep generation total 707840K, used 129172K [0x00000005d4cc0000, 0x0000000600000000, 0x00000007c0000000)
 Metaspace       used 4742K, capacity 5300K, committed 5504K, reserved 1056768K
  class space    used 521K, capacity 560K, committed 640K, reserved 1048576K
GC Heap History (3 events):
Event: 2.622 GC heap before
{Heap before GC invocations=0 (full 0):
 par new generation   total 306688K, used 272640K [0x00000005c0000000, 0x00000005d4cc0000, 0x00000005d4cc0000)
  eden space 272640K, 100% used [0x00000005c0000000, 0x00000005d0a40000, 0x00000005d0a40000)
  from space 34048K,   0% used [0x00000005d0a40000, 0x00000005d0a40000, 0x00000005d2b80000)
  to   space 34048K,   0% used [0x00000005d2b80000, 0x00000005d2b80000, 0x00000005d4cc0000)
 concurrent mark-sweep generation total 707840K, used 0K [0x00000005d4cc0000, 0x0000000600000000, 0x00000007c0000000)
 Metaspace       used 4737K, capacity 5300K, committed 5504K, reserved 1056768K
  class space    used 520K, capacity 560K, committed 640K, reserved 1048576K
Event: 2.758 GC heap after
Heap after GC invocations=1 (full 0):
 par new generation   total 306688K, used 34048K [0x00000005c0000000, 0x00000005d4cc0000, 0x00000005d4cc0000)
  eden space 272640K,   0% used [0x00000005c0000000, 0x00000005c0000000, 0x00000005d0a40000)
  from space 34048K, 100% used [0x00000005d2b80000, 0x00000005d4cc0000, 0x00000005d4cc0000)
  to   space 34048K,   0% used [0x00000005d0a40000, 0x00000005d0a40000, 0x00000005d2b80000)
 concurrent mark-sweep generation total 707840K, used 94572K [0x00000005d4cc0000, 0x0000000600000000, 0x00000007c0000000)
 Metaspace       used 4737K, capacity 5300K, committed 5504K, reserved 1056768K
  class space    used 520K, capacity 560K, committed 640K, reserved 1048576K
}
Event: 2.824 GC heap before
{Heap before GC invocations=1 (full 0):
 par new generation   total 306688K, used 71596K [0x00000005c0000000, 0x00000005d4cc0000, 0x00000005d4cc0000)
  eden space 272640K,  13% used [0x00000005c0000000, 0x00000005c24ab200, 0x00000005d0a40000)
  from space 34048K, 100% used [0x00000005d2b80000, 0x00000005d4cc0000, 0x00000005d4cc0000)
  to   space 34048K,   0% used [0x00000005d0a40000, 0x00000005d0a40000, 0x00000005d2b80000)
 concurrent mark-sweep generation total 707840K, used 94572K [0x00000005d4cc0000, 0x0000000600000000, 0x00000007c0000000)
 Metaspace       used 4742K, capacity 5300K, committed 5504K, reserved 1056768K
  class space    used 521K, capacity 560K, committed 640K, reserved 1048576K

